Unknown column 'images' in 'where clause'
Unknown column 'images' in 'where clause'
Unknown column 'images' in 'where clause'
Unknown column 'images' in 'where clause'
Unknown column 'images' in 'where clause'
Unknown column 'images' in 'where clause'
Unknown column 'images' in 'where clause'
Unknown column 'images' in 'where clause'
Unknown column 'images' in 'where clause'
Unknown column 'images' in 'where clause'
Unknown column 'images' in 'where clause'
Unknown column 'images' in 'where clause'
Unknown column 'images' in 'where clause'
Unknown column 'images' in 'where clause'
Unknown column 'images' in 'where clause'
Unknown column 'images' in 'where clause'
Unknown column 'images' in 'where clause'
Unknown column 'images' in 'where clause'
Unknown column 'images' in 'where clause'
Unknown column 'images' in 'where clause'
Unknown column 'images' in 'where clause'
Unknown column 'images' in 'where clause'
Unknown column 'images' in 'where clause'
Unknown column 'images' in 'where clause'
Unknown column 'images' in 'where clause'
Unknown column 'images' in 'where clause'
Unknown column 'images' in 'where clause'
Unknown column 'images' in 'where clause'
Unknown column 'images' in 'where clause'
Unknown column 'images' in 'where clause'
Unknown column 'images' in 'where clause'
Unknown column 'images' in 'where clause'
Unknown column 'images' in 'where clause'
Unknown column 'images' in 'where clause'
Unknown column 'images' in 'where clause'
Unknown column 'images' in 'where clause'
Unknown column 'images' in 'where clause'
Unknown column 'images' in 'where clause'
Unknown column 'images' in 'where clause'
Unknown column 'images' in 'where clause'
Unknown column 'images' in 'where clause'
Unknown column 'images' in 'where clause'
Unknown column 'images' in 'where clause'
Unknown column 'images' in 'where clause'
Unknown column 'images' in 'where clause'
Unknown column 'images' in 'where clause'
Unknown column 'images' in 'where clause'
Unknown column 'images' in 'where clause'
Unknown column 'images' in 'where clause'
Unknown column 'images' in 'where clause'
Unknown column 'images' in 'where clause'
Unknown column 'images' in 'where clause'
Unknown column 'images' in 'where clause'
Unknown column 'images' in 'where clause'
Unknown column 'images' in 'where clause'
Unknown column 'images' in 'where clause'
Unknown column 'images' in 'where clause'
Unknown column 'images' in 'where clause'
Unknown column 'images' in 'where clause'
Unknown column 'images' in 'where clause'
Unknown column 'images' in 'where clause'
Unknown column 'images' in 'where clause'
Unknown column 'images' in 'where clause'
Unknown column 'images' in 'where clause'
Unknown column 'images' in 'where clause'
Unknown column 'images' in 'where clause'
Unknown column 'images' in 'where clause'
Unknown column 'images' in 'where clause'
Unknown column 'images' in 'where clause'
Unknown column 'images' in 'where clause'
Unknown column 'images' in 'where clause'
Unknown column 'images' in 'where clause'
Unknown column 'images' in 'where clause'
Unknown column 'images' in 'where clause'
Unknown column 'images' in 'where clause'
Unknown column 'images' in 'where clause'
Unknown column 'images' in 'where clause'
Unknown column 'images' in 'where clause'
Unknown column 'images' in 'where clause'
Unknown column 'images' in 'where clause'
Unknown column 'images' in 'where clause'
Unknown column 'images' in 'where clause'
Unknown column 'images' in 'where clause'
Unknown column 'images' in 'where clause'
Unknown column 'images' in 'where clause'
Unknown column 'images' in 'where clause'
Unknown column 'images' in 'where clause'
Unknown column 'images' in 'where clause'
Unknown column 'images' in 'where clause'
Unknown column 'images' in 'where clause'
Unknown column 'images' in 'where clause'
Unknown column 'images' in 'where clause'
Unknown column 'images' in 'where clause'
Unknown column 'images' in 'where clause'
Unknown column 'images' in 'where clause'
Unknown column 'images' in 'where clause'
Unknown column 'images' in 'where clause'
Unknown column 'images' in 'where clause'
Unknown column 'images' in 'where clause'
Unknown column 'images' in 'where clause'
Unknown column 'images' in 'where clause'
Unknown column 'images' in 'where clause'
Unknown column 'images' in 'where clause'
Unknown column 'images' in 'where clause'
Unknown column 'images' in 'where clause'
Unknown column 'images' in 'where clause'
Unknown column 'images' in 'where clause'
Unknown column 'images' in 'where clause'
Unknown column 'images' in 'where clause'
Unknown column 'images' in 'where clause'
Unknown column 'images' in 'where clause'
Unknown column 'images' in 'where clause'
Unknown column 'images' in 'where clause'
Unknown column 'images' in 'where clause'
Unknown column 'images' in 'where clause'
Unknown column 'images' in 'where clause'
Unknown column 'images' in 'where clause'
Unknown column 'images' in 'where clause'
Unknown column 'images' in 'where clause'
Unknown column 'images' in 'where clause'
Unknown column 'images' in 'where clause'
Unknown column 'images' in 'where clause'
Unknown column 'images' in 'where clause'
Unknown column 'images' in 'where clause'
Unknown column 'images' in 'where clause'
Unknown column 'images' in 'where clause'
Unknown column 'images' in 'where clause'
Unknown column 'images' in 'where clause'
Unknown column 'images' in 'where clause'
Unknown column 'images' in 'where clause'
Unknown column 'images' in 'where clause'
Unknown column 'images' in 'where clause'
Unknown column 'images' in 'where clause'
Unknown column 'images' in 'where clause'
Unknown column 'images' in 'where clause'
Unknown column 'images' in 'where clause'
Unknown column 'images' in 'where clause'
You have an error in your SQL syntax; check the manual that corresponds to your MariaDB server version for the right syntax to use near 'limit 6, 6' at line 1
You have an error in your SQL syntax; check the manual that corresponds to your MariaDB server version for the right syntax to use near 'limit 6, 6' at line 1
You have an error in your SQL syntax; check the manual that corresponds to your MariaDB server version for the right syntax to use near 'limit 6, 6' at line 1
You have an error in your SQL syntax; check the manual that corresponds to your MariaDB server version for the right syntax to use near 'limit 6, 6' at line 1
You have an error in your SQL syntax; check the manual that corresponds to your MariaDB server version for the right syntax to use near 'limit 6, 6' at line 1
You have an error in your SQL syntax; check the manual that corresponds to your MariaDB server version for the right syntax to use near 'limit 6, 6' at line 1
You have an error in your SQL syntax; check the manual that corresponds to your MariaDB server version for the right syntax to use near 'limit 6, 6' at line 1
You have an error in your SQL syntax; check the manual that corresponds to your MariaDB server version for the right syntax to use near 'limit 6, 6' at line 1
You have an error in your SQL syntax; check the manual that corresponds to your MariaDB server version for the right syntax to use near 'limit 6, 6' at line 1
You have an error in your SQL syntax; check the manual that corresponds to your MariaDB server version for the right syntax to use near 'limit 6, 6' at line 1
You have an error in your SQL syntax; check the manual that corresponds to your MariaDB server version for the right syntax to use near 'limit 6, 6' at line 1
You have an error in your SQL syntax; check the manual that corresponds to your MariaDB server version for the right syntax to use near 'limit 6, 6' at line 1
Unknown column 'images' in 'where clause'
Unknown column 'images' in 'where clause'
Unknown column 'images' in 'where clause'
Unknown column 'images' in 'where clause'
Unknown column 'images' in 'where clause'
Unknown column 'images' in 'where clause'
Unknown column 'images' in 'where clause'
Unknown column 'images' in 'where clause'
Unknown column 'images' in 'where clause'
Unknown column 'images' in 'where clause'
Unknown column 'images' in 'where clause'
Unknown column 'images' in 'where clause'
Unknown column 'images' in 'where clause'
Unknown column 'images' in 'where clause'
Unknown column 'images' in 'where clause'
Unknown column 'images' in 'where clause'
Unknown column 'images' in 'where clause'
Unknown column 'images' in 'where clause'
Unknown column 'images' in 'where clause'
Unknown column 'images' in 'where clause'
Unknown column 'images' in 'where clause'
Unknown column 'images' in 'where clause'
Unknown column 'images' in 'where clause'
Unknown column 'images' in 'where clause'
Unknown column 'images' in 'where clause'
Unknown column 'images' in 'where clause'
Unknown column 'images' in 'where clause'
Unknown column 'images' in 'where clause'
Unknown column 'images' in 'where clause'
Unknown column 'images' in 'where clause'
Unknown column 'images' in 'where clause'
Unknown column 'images' in 'where clause'
Unknown column 'images' in 'where clause'
Unknown column 'images' in 'where clause'
Unknown column 'images' in 'where clause'
Unknown column 'images' in 'where clause'
Unknown column 'images' in 'where clause'
Unknown column 'images' in 'where clause'
Unknown column 'images' in 'where clause'
Unknown column 'images' in 'where clause'
Unknown column 'images' in 'where clause'
Unknown column 'images' in 'where clause'
Unknown column 'images' in 'where clause'
Unknown column 'images' in 'where clause'
Unknown column 'images' in 'where clause'
Unknown column 'images' in 'where clause'
Unknown column 'images' in 'where clause'
Unknown column 'images' in 'where clause'
Unknown column 'images' in 'where clause'
Unknown column 'images' in 'where clause'
Unknown column 'images' in 'where clause'
Unknown column 'images' in 'where clause'
Unknown column 'images' in 'where clause'
Unknown column 'images' in 'where clause'
Unknown column 'images' in 'where clause'
Unknown column 'images' in 'where clause'
Unknown column 'images' in 'where clause'
Unknown column 'images' in 'where clause'
Unknown column 'images' in 'where clause'
Unknown column 'images' in 'where clause'
Unknown column 'images' in 'where clause'
Unknown column 'images' in 'where clause'
Unknown column 'images' in 'where clause'
Unknown column 'images' in 'where clause'
Unknown column 'images' in 'where clause'
Unknown column 'images' in 'where clause'
Unknown column 'images' in 'where clause'
Unknown column 'images' in 'where clause'
Unknown column 'images' in 'where clause'
Unknown column 'images' in 'where clause'
Unknown column 'images' in 'where clause'
Unknown column 'images' in 'where clause'
Unknown column 'images' in 'where clause'
Unknown column 'images' in 'where clause'
Unknown column 'images' in 'where clause'
Unknown column 'images' in 'where clause'
Unknown column 'images' in 'where clause'
Unknown column 'images' in 'where clause'
Unknown column 'images' in 'where clause'
Unknown column 'images' in 'where clause'
Unknown column 'images' in 'where clause'
Unknown column 'images' in 'where clause'
Unknown column 'images' in 'where clause'
Unknown column 'images' in 'where clause'
Unknown column 'images' in 'where clause'
Unknown column 'images' in 'where clause'
Unknown column 'images' in 'where clause'
Unknown column 'images' in 'where clause'
Unknown column 'index.html' in 'where clause'
Unknown column 'images' in 'where clause'
Unknown column 'images' in 'where clause'
Unknown column 'images' in 'where clause'
Unknown column 'images' in 'where clause'
Unknown column 'images' in 'where clause'
Unknown column 'images' in 'where clause'
Unknown column 'images' in 'where clause'
Unknown column 'images' in 'where clause'
Unknown column 'images' in 'where clause'
Unknown column 'images' in 'where clause'
Unknown column 'images' in 'where clause'
Unknown column 'images' in 'where clause'
Unknown column 'images' in 'where clause'
Unknown column 'images' in 'where clause'
Unknown column 'images' in 'where clause'
Unknown column 'images' in 'where clause'
Unknown column 'images' in 'where clause'
Unknown column 'index.html' in 'where clause'
Unknown column 'images' in 'where clause'
Unknown column 'images' in 'where clause'
Unknown column 'images' in 'where clause'
Unknown column 'images' in 'where clause'
Unknown column 'images' in 'where clause'
Unknown column 'images' in 'where clause'
Unknown column 'images' in 'where clause'
Unknown column 'images' in 'where clause'
Unknown column 'images' in 'where clause'
Unknown column 'images' in 'where clause'
Unknown column 'images' in 'where clause'
Unknown column 'images' in 'where clause'
Unknown column 'images' in 'where clause'
Unknown column 'images' in 'where clause'
Unknown column 'images' in 'where clause'
Unknown column 'images' in 'where clause'
Unknown column 'images' in 'where clause'
Unknown column 'images' in 'where clause'
Unknown column 'images' in 'where clause'
Unknown column 'images' in 'where clause'
You have an error in your SQL syntax; check the manual that corresponds to your MariaDB server version for the right syntax to use near '5' at line 1
You have an error in your SQL syntax; check the manual that corresponds to your MariaDB server version for the right syntax to use near 'images' at line 1
Unknown column 'images' in 'where clause'
You have an error in your SQL syntax; check the manual that corresponds to your MariaDB server version for the right syntax to use near '19' at line 1
You have an error in your SQL syntax; check the manual that corresponds to your MariaDB server version for the right syntax to use near 'images' at line 1
Unknown column 'images' in 'where clause'
Unknown column 'images' in 'where clause'
Unknown column 'images' in 'where clause'
Unknown column 'images' in 'where clause'
You have an error in your SQL syntax; check the manual that corresponds to your MariaDB server version for the right syntax to use near '' at line 1
You have an error in your SQL syntax; check the manual that corresponds to your MariaDB server version for the right syntax to use near '' at line 1
Unknown column 'images' in 'where clause'
Unknown column 'images' in 'where clause'
Unknown column 'images' in 'where clause'
Unknown column 'images' in 'where clause'
Unknown column 'images' in 'where clause'
Unknown column 'images' in 'where clause'
Unknown column 'images' in 'where clause'
Unknown column 'images' in 'where clause'
Unknown column 'images' in 'where clause'
Unknown column 'images' in 'where clause'
Unknown column 'images' in 'where clause'
Unknown column 'images' in 'where clause'
Unknown column 'images' in 'where clause'
Unknown column 'images' in 'where clause'
Unknown column 'images' in 'where clause'
Unknown column 'images' in 'where clause'
Unknown column 'images' in 'where clause'
Unknown column 'images' in 'where clause'
Unknown column 'images' in 'where clause'
Unknown column 'images' in 'where clause'
Unknown column 'images' in 'where clause'
Unknown column 'images' in 'where clause'
Unknown column 'images' in 'where clause'
Unknown column 'images' in 'where clause'
Unknown column 'images' in 'where clause'
Unknown column 'images' in 'where clause'
Unknown column 'images' in 'where clause'
Unknown column 'images' in 'where clause'
Unknown column 'images' in 'where clause'
Unknown column 'images' in 'where clause'
Unknown column 'images' in 'where clause'
Unknown column 'images' in 'where clause'
Unknown column 'images' in 'where clause'
Unknown column 'images' in 'where clause'
Unknown column 'images' in 'where clause'
Unknown column 'images' in 'where clause'
Unknown column 'images' in 'where clause'
Unknown column 'images' in 'where clause'
Unknown column 'images' in 'where clause'
Unknown column 'images' in 'where clause'
Unknown column 'images' in 'where clause'
Unknown column 'images' in 'where clause'
