Fuck adli klasi baglaya bilmedi
Fuck adli klasi baglaya bilmedi
Fuck adli klasi baglaya bilmedi
Fuck adli klasi baglaya bilmedi
Fuck adli klasi baglaya bilmedi
Fuck adli klasi baglaya bilmedi
Fuck adli klasi baglaya bilmedi
Fuck adli klasi baglaya bilmedi
Fuck adli klasi baglaya bilmedi
Fuck adli klasi baglaya bilmedi
Fuck adli klasi baglaya bilmedi
You have an error in your SQL syntax; check the manual that corresponds to your MariaDB server version for the right syntax to use near ''.where n.news_category_id='.2.'.'' at line 1
You have an error in your SQL syntax; check the manual that corresponds to your MariaDB server version for the right syntax to use near ''.where n.news_category_id='.images.'.'' at line 1
You have an error in your SQL syntax; check the manual that corresponds to your MariaDB server version for the right syntax to use near ''.where n.news_category_id='.2.'.'' at line 1
You have an error in your SQL syntax; check the manual that corresponds to your MariaDB server version for the right syntax to use near ''.where n.news_category_id='.images.'.'' at line 1
You have an error in your SQL syntax; check the manual that corresponds to your MariaDB server version for the right syntax to use near ''..'' at line 1
You have an error in your SQL syntax; check the manual that corresponds to your MariaDB server version for the right syntax to use near ''.where n.news_category_id='..'.'' at line 1
You have an error in your SQL syntax; check the manual that corresponds to your MariaDB server version for the right syntax to use near ''.where n.news_category_id='..'.'' at line 1
You have an error in your SQL syntax; check the manual that corresponds to your MariaDB server version for the right syntax to use near ''.where n.news_category_id='..'.'' at line 1
You have an error in your SQL syntax; check the manual that corresponds to your MariaDB server version for the right syntax to use near ''..'' at line 1
You have an error in your SQL syntax; check the manual that corresponds to your MariaDB server version for the right syntax to use near ''..'' at line 1
Unknown column 'images' in 'where clause'
Unknown column 'images' in 'where clause'
Unknown column 'images' in 'where clause'
Unknown column 'images' in 'where clause'
Unknown column 'images' in 'where clause'
Unknown column 'images' in 'where clause'
Unknown column 'images' in 'where clause'
You have an error in your SQL syntax; check the manual that corresponds to your MariaDB server version for the right syntax to use near '' at line 1
Vacancy adli klasi baglaya bilmedi
Vacancy adli klasi baglaya bilmedi
Unknown column 'images' in 'where clause'
Unknown column 'images' in 'where clause'
Unknown column 'images' in 'where clause'
Unknown column 'images' in 'where clause'
Unknown column 'images' in 'where clause'
Unknown column 'images' in 'where clause'
Unknown column 'images' in 'where clause'
Unknown column 'images' in 'where clause'
Unknown column 'images' in 'where clause'
Unknown column 'images' in 'where clause'
Unknown column 'images' in 'where clause'
Unknown column 'images' in 'where clause'
Unknown column 'images' in 'where clause'
Unknown column 'images' in 'where clause'
Unknown column 'images' in 'where clause'
Column 'id' in where clause is ambiguous
Column 'id' in where clause is ambiguous
Unknown column 'images' in 'where clause'
Unknown column 'images' in 'where clause'
Unknown column 'images' in 'where clause'
Unknown column 'images' in 'where clause'
Unknown column 'images' in 'where clause'
Unknown column 'images' in 'where clause'
Unknown column 'images' in 'where clause'
Unknown column 'images' in 'where clause'
Unknown column 'images' in 'where clause'
